<?xml version="1.0" encoding="UTF-8"?>
<!-- Generated by org.testng.reporters.JUnitReportReporter -->
<testsuite skipped="0" hostname="dineshkila" name="com.swaglabs.testcases.CheckOutPageTest" tests="1" failures="0" timestamp="24 Mar 2023 09:09:40 GMT" time="9.493" errors="0">
  <testcase name="CheckOutPageTest" time="9.493" classname="com.swaglabs.testcases.CheckOutPageTest"/>
</testsuite> <!-- com.swaglabs.testcases.CheckOutPageTest -->
