<?xml version="1.0" encoding="UTF-8"?>
<!-- Generated by org.testng.reporters.JUnitReportReporter -->
<testsuite skipped="0" hostname="dineshkila" name="com.swaglabs.testcases.HomePageTest" tests="2" failures="0" timestamp="24 Mar 2023 09:09:40 GMT" time="14.632" errors="0">
  <testcase name="selectJacketTest" time="8.662" classname="com.swaglabs.testcases.HomePageTest"/>
  <testcase name="verifyMyLogo" time="5.970" classname="com.swaglabs.testcases.HomePageTest"/>
</testsuite> <!-- com.swaglabs.testcases.HomePageTest -->
