<?xml version="1.0" encoding="UTF-8"?>
<!-- Generated by org.testng.reporters.JUnitReportReporter -->
<testsuite skipped="0" hostname="dineshkila" name="com.swaglabs.testcases.ShoppingCartPageTest" tests="1" failures="0" timestamp="24 Mar 2023 09:09:40 GMT" time="6.124" errors="0">
  <testcase name="ShoppingCartPageTest" time="6.124" classname="com.swaglabs.testcases.ShoppingCartPageTest"/>
</testsuite> <!-- com.swaglabs.testcases.ShoppingCartPageTest -->
