<?xml version="1.0" encoding="UTF-8"?>
<!-- Generated by org.testng.reporters.JUnitReportReporter -->
<testsuite skipped="0" hostname="dineshkila" name="com.swaglabs.testcases.AddressPageTest" tests="1" failures="0" timestamp="24 Mar 2023 09:09:40 GMT" time="6.989" errors="0">
  <testcase name="AddressPageTest" time="6.989" classname="com.swaglabs.testcases.AddressPageTest"/>
</testsuite> <!-- com.swaglabs.testcases.AddressPageTest -->
